# ------ TABULATE ALL SPP. DATA ------ #

	anoph.unfed	anoph.bloodfed	anoph.halfgravid	anoph.gravid	anoph.undetermined	anoph.total
Kinesamo	64	112	160	61	8	405
Maruti	83	275	312	147	3	820
Sitabicha	19	70	107	33	2	231

	anoph.unfed	anoph.bloodfed	anoph.halfgravid	anoph.gravid	anoph.undetermined	anoph.total
Jan	0	5	19	5	0	29
Feb	1	1	16	6	0	24
Mar	0	13	21	7	0	41
Apr	9	30	36	13	0	88
May	36	49	63	52	3	203
Jun	52	147	69	29	2	299
Jul	42	130	148	58	2	380
Aug	9	53	114	36	5	217
Sep	7	13	55	26	0	101
Oct	8	10	30	4	1	53
Nov	2	3	7	2	0	14
Dec	0	3	1	3	0	7

	Jan	Feb	Mar	Apr	May	Jun	Jul	Aug	Sep	Oct	Nov	Dec
Kinesamo	5	7	11	14	50	105	100	48	42	16	6	1
Maruti	21	9	20	44	121	145	225	151	49	29	3	3
Sitabicha	3	8	10	30	32	49	55	18	10	8	5	3

# ------ TABULATE MERGED DATA ------ #

	Kinesamo	Maruti	Sitabicha	Total
Total female anoph collected	404	858	232	1494
Blood Fed	113	297	67	477
Half Gravid	163	320	104	587
Gravid	59	158	38	255
Unfed	66	81	21	168
Undetermined	3	2	2	7

	Kinesamo	Maruti	Sitabicha	Total
An. gambiae	298	545	180	1023
An. funestus	14	55	2	71
An. pretoriensis	1	11	1	13
An. demeilloni	3	6	3	12
Other	3	14	3	20
Un-identified	85	227	43	355

	Blood Fed	Gravid or Half Gravid	Human Fed	Infected (Head)	Infected (Abdomen)	Infected (Mosquito)
An. gambiae	276	628	613	90	120	150
An. funestus	27	39	42	6	8	11
An. demeilloni	4	8	9	2	3	4
An. pretoriensis	3	9	2	0	0	0
Other	3	14	9	1	1	1
Un-identified	164	144	214	35	68	79

# ------ VISUALIZE DATA ------ #

