# ------ CLEAN ALL SPP. DESCRIPTIVE DATA ------ #

All household IDs are formatted correctly

HH	Village
K07	Maruti
K11	Maruti
M06	Kinesamo
M14	Kinesamo
S01	Maruti
S11	Maruti

Village names for 6 samples did not match household/sample IDs and were corrected

# ------ CLEAN ANOPH. DESCRIPTIVE DATA ------ #

All household IDs are formatted correctly

Sample ID H	Sample ID A
K1 H00027	K14 A00027
M05 A00002	M05 A00002
M06 A00016	M06 A00016
M09 H00097	M09 A0097
M14 H00067	M14 H00067
S02 H00001	NA
S06 A00012	S06 H00012

M05 00002, M06 00016, M09 00097, M14 00067, S06 00012 had incorrect head/abd designations and were corrected
M09 A00097 was written as M09 A0097 and was corrected
K14 H00027 was written as K1 H00027 and was corrected
S02 A00001 is missing (as noted in comment)
K05 A00034, M01 A00058, S07 A00008 are present in data, but commented as missing

Sample ID H	Sample ID A
K05 H00005	K05 A00005
K05 H00008	K05 A00005
M03 H00021	M03 A00021
M03 H00021	M03 A00021
M13 H00035	M13 A00035
M13 H00035	M13 A00035

K05 A00008 was written as K05 A00005 and was corrected
Duplicate entries of M13 00035, M03 00021 were removed

Extracted sample IDs

HH	Village	Sample ID
K07	Sitabicha	K07 00047
K07	Sitabicha	K07 00048
K07	Sitabicha	K07 00049
M04	Kinesamo	M04 00015
S05	Maruti	S05 00011
S08	Kinesamo	S08 00009
S08	Kinesamo	S08 00010

Village names for 7 samples did not match household/sample IDs and were corrected

